#
# A fatal error has been detected by the Java Runtime Environment:
#
#  SIGSEGV (0xb) at pc=0x000000010c8ab9a9, pid=19126, tid=14083
#
# JRE version: Java(TM) SE Runtime Environment (8.0_72-b15) (build 1.8.0_72-b15)
# Java VM: Java HotSpot(TM) 64-Bit Server VM (25.72-b15 mixed mode bsd-amd64 compressed oops)
# Problematic frame:
# V  [libjvm.dylib+0x4ab9a9]  PhaseIterGVN::remove_speculative_types()+0x2b
#
# Failed to write core dump. Core dumps have been disabled. To enable core dumping, try "ulimit -c unlimited" before starting Java again
#
# If you would like to submit a bug report, please visit:
#   http://bugreport.java.com/bugreport/crash.jsp
#

---------------  T H R E A D  ---------------

Current thread (0x00007febb4008800):  JavaThread "C2 CompilerThread1" daemon [_thread_in_native, id=14083, stack(0x000070000c7e7000,0x000070000c8e7000)]

siginfo: si_signo: 11 (SIGSEGV), si_code: 1 (SEGV_MAPERR), si_addr: 0x0000400000000000

Registers:
RAX=0x000000011546e010, RBX=0x000070000c8e4878, RCX=0x00007febb90daa48, RDX=0x00007febba698808
RSP=0x000070000c8e08a0, RBP=0x000070000c8e08c0, RSI=0x0000000000000000, RDI=0x0000400000000000
R8 =0x0000000000000000, R9 =0x0000000000000000, R10=0x0000000000000000, R11=0x000000000132ee58
R12=0x00007febb90da628, R13=0x0000000000000004, R14=0x000070000c8e48b0, R15=0x00000000000067fb
RIP=0x000000010c8ab9a9, EFLAGS=0x0000000000010206, ERR=0x0000000000000004
  TRAPNO=0x000000000000000e

Top of Stack: (sp=0x000070000c8e08a0)
0x000070000c8e08a0:   0000000000001d34 0000000000000004
0x000070000c8e08b0:   000070000c8e08f0 00007febb8affba0
0x000070000c8e08c0:   000070000c8e0960 000000010c5aa8d1
0x000070000c8e08d0:   000070000c8e4878 000070000c8e5270
0x000070000c8e08e0:   000000120c8e08f0 000070000c8e51f8
0x000070000c8e08f0:   00007febb3613c20 0000000100002000
0x000070000c8e0900:   00007febbc410010 0000000000001d34
0x000070000c8e0910:   000000010cccb9f0 00007febb3613c20
0x000070000c8e0920:   0000700000000400 00007febb60a19a0
0x000070000c8e0930:   0000000000000000 000070000c8e5f88
0x000070000c8e0940:   00007febb9d69d80 000070000c8e5f88
0x000070000c8e0950:   000070000c8e4878 000070000c8e6920
0x000070000c8e0960:   000070000c8e5350 000000010c5addaa
0x000070000c8e0970:   0000000000000000 000000000000000e
0x000070000c8e0980:   000070000c8e5f88 000070000c8e4878
0x000070000c8e0990:   00007febb908bf30 00007febb908c0b8
0x000070000c8e09a0:   00007febb908c420 00007febb908c010
0x000070000c8e09b0:   00007febb908c120 00007febb908c3c0
0x000070000c8e09c0:   00007febb908bfb0 00007febb908c4c0
0x000070000c8e09d0:   0000000000000000 000000010cc11240
0x000070000c8e09e0:   000000000000000d 000070000c8e5f88
0x000070000c8e09f0:   00007febb3613c20 00007febb3613c20
0x000070000c8e0a00:   0000000000000040 00007febb8b822d0
0x000070000c8e0a10:   00007febb3613c20 0000000000000040
0x000070000c8e0a20:   00007febb8b82080 0000000000000000
0x000070000c8e0a30:   0000000000000000 0000000000000000
0x000070000c8e0a40:   0000000000000000 0000000000000000
0x000070000c8e0a50:   0000000000000000 0000000000000000
0x000070000c8e0a60:   0000000000000000 0000000000000000
0x000070000c8e0a70:   0000000000000000 0000000000000000
0x000070000c8e0a80:   0000000000000000 0000000000000000
0x000070000c8e0a90:   0000000000000000 0000000000000000 

Instructions: (pc=0x000000010c8ab9a9)
0x000000010c8ab989:   83 7f 40 00 74 45 48 89 fb 4c 8d 73 38 45 31 ff
0x000000010c8ab999:   45 89 ff 48 8b 43 48 4a 8b 3c f8 48 85 ff 74 22
0x000000010c8ab9a9:   48 8b 07 ff 50 68 49 89 c4 44 39 7b 40 77 0b 44
0x000000010c8ab9b9:   89 fe 4c 89 f7 e8 33 ff ff ff 48 8b 43 48 4e 89 

Register to memory mapping:

RAX=0x000000011546e010 is an unknown value
RBX=0x000070000c8e4878 is pointing into the stack for thread: 0x00007febb4008800
RCX=0x00007febb90daa48 is an unknown value
RDX=0x00007febba698808 is an unknown value
RSP=0x000070000c8e08a0 is pointing into the stack for thread: 0x00007febb4008800
RBP=0x000070000c8e08c0 is pointing into the stack for thread: 0x00007febb4008800
RSI=0x0000000000000000 is an unknown value
RDI=0x0000400000000000 is an unknown value
R8 =0x0000000000000000 is an unknown value
R9 =0x0000000000000000 is an unknown value
R10=0x0000000000000000 is an unknown value
R11=0x000000000132ee58 is an unknown value
R12=0x00007febb90da628 is an unknown value
R13=0x0000000000000004 is an unknown value
R14=0x000070000c8e48b0 is pointing into the stack for thread: 0x00007febb4008800
R15=0x00000000000067fb is an unknown value


Stack: [0x000070000c7e7000,0x000070000c8e7000],  sp=0x000070000c8e08a0,  free space=998k
Native frames: (J=compiled Java code, j=interpreted, Vv=VM code, C=native code)
V  [libjvm.dylib+0x4ab9a9]  PhaseIterGVN::remove_speculative_types()+0x2b
V  [libjvm.dylib+0x1aa8d1]  Compile::remove_speculative_types(PhaseIterGVN&)+0x12d
V  [libjvm.dylib+0x1addaa]  Compile::Optimize()+0x172
V  [libjvm.dylib+0x1b10a3]  Compile::Compile(ciEnv*, C2Compiler*, ciMethod*, int, bool, bool, bool)+0x8cf
V  [libjvm.dylib+0x14ee2e]  C2Compiler::compile_method(ciEnv*, ciMethod*, int)+0xac
V  [libjvm.dylib+0x1b472a]  CompileBroker::invoke_compiler_on_method(CompileTask*)+0x5b2
V  [libjvm.dylib+0x1b6c71]  CompileBroker::compiler_thread_loop()+0x291
V  [libjvm.dylib+0x560e03]  JavaThread::thread_main_inner()+0x9b
V  [libjvm.dylib+0x5624fe]  JavaThread::run()+0x1c2
V  [libjvm.dylib+0x482eda]  java_start(Thread*)+0xf6
C  [libsystem_pthread.dylib+0x3661]  _pthread_body+0x154
C  [libsystem_pthread.dylib+0x350d]  _pthread_body+0x0
C  [libsystem_pthread.dylib+0x2bf9]  thread_start+0xd
C  0x0000000000000000


Current CompileTask:
C2: 127294 11327       4       com.android.builder.symbols.BytecodeRClassWriterKt::generateResourceTypeClass (595 bytes)


---------------  P R O C E S S  ---------------

Java Threads: ( => current thread )
  0x00007febb97aa000 JavaThread "stdout" [_thread_in_native, id=36099, stack(0x000070000ed56000,0x000070000ee56000)]
  0x00007febb8ee4800 JavaThread "stderr" [_thread_in_native, id=28419, stack(0x000070000ec53000,0x000070000ed53000)]
  0x00007febb782f800 JavaThread "process reaper" daemon [_thread_in_native, id=36355, stack(0x000070000bcc3000,0x000070000bceb000)]
  0x00007febb3c3d000 JavaThread "pool-2-thread-1" [_thread_blocked, id=36867, stack(0x000070000eb50000,0x000070000ec50000)]
  0x00007febb9064000 JavaThread "WorkerExecutor Queue Thread 2" [_thread_blocked, id=27651, stack(0x000070000ea4d000,0x000070000eb4d000)]
  0x00007febb7ed5000 JavaThread "WorkerExecutor Queue" [_thread_blocked, id=27395, stack(0x000070000e94a000,0x000070000ea4a000)]
  0x00007febb8e9e800 JavaThread "Cache worker for execution history cache (/Users/bpanda/Downloads/WeatherAppBasic/.gradle/5.6.4/executionHistory)" [_thread_blocked, id=37379, stack(0x000070000e847000,0x000070000e947000)]
  0x00007febb8899000 JavaThread "Execution worker for ':' Thread 3" [_thread_in_Java, id=26627, stack(0x000070000e744000,0x000070000e844000)]
  0x00007febb4e12000 JavaThread "Execution worker for ':' Thread 2" [_thread_blocked, id=37635, stack(0x000070000e641000,0x000070000e741000)]
  0x00007febb49f3000 JavaThread "Execution worker for ':'" [_thread_blocked, id=38147, stack(0x000070000e53e000,0x000070000e63e000)]
  0x00007febb8af6000 JavaThread "Cache worker for file content cache (/Users/bpanda/Downloads/WeatherAppBasic/.gradle/5.6.4/fileContent)" [_thread_blocked, id=25859, stack(0x000070000e43b000,0x000070000e53b000)]
  0x00007febb4745000 JavaThread "Cache worker for file content cache (/Users/bpanda/.gradle/caches/5.6.4/fileContent)" [_thread_blocked, id=22279, stack(0x000070000d40b000,0x000070000d50b000)]
  0x00007febb9018800 JavaThread "Memory manager" [_thread_blocked, id=25603, stack(0x000070000e338000,0x000070000e438000)]
  0x00007febb7cfe800 JavaThread "Cache worker for Build Output Cleanup Cache (/Users/bpanda/Downloads/WeatherAppBasic/.gradle/buildOutputCleanup)" [_thread_blocked, id=38915, stack(0x000070000e235000,0x000070000e335000)]
  0x00007febb76c9000 JavaThread "pool-1-thread-1" [_thread_blocked, id=25091, stack(0x000070000e132000,0x000070000e232000)]
  0x00007febb3c03800 JavaThread "Build operations Thread 4" [_thread_blocked, id=39427, stack(0x000070000e02f000,0x000070000e12f000)]
  0x00007febb3c02000 JavaThread "Build operations Thread 3" [_thread_blocked, id=39939, stack(0x000070000df2c000,0x000070000e02c000)]
  0x00007febb7c5f800 JavaThread "Build operations Thread 2" [_thread_blocked, id=40195, stack(0x000070000de29000,0x000070000df29000)]
  0x00007febb90e9000 JavaThread "Build operations" [_thread_blocked, id=40707, stack(0x000070000dd26000,0x000070000de26000)]
  0x00007febb44dc000 JavaThread "Cache worker for execution history cache (/Users/bpanda/.gradle/caches/5.6.4/executionHistory)" [_thread_blocked, id=40963, stack(0x000070000dc23000,0x000070000dd23000)]
  0x00007febb7767800 JavaThread "Cache worker for cache directory md-rule (/Users/bpanda/.gradle/caches/5.6.4/md-rule)" [_thread_blocked, id=24323, stack(0x000070000db20000,0x000070000dc20000)]
  0x00007febb3f21000 JavaThread "Cache worker for cache directory md-supplier (/Users/bpanda/.gradle/caches/5.6.4/md-supplier)" [_thread_blocked, id=41475, stack(0x000070000da1d000,0x000070000db1d000)]
  0x00007febb647f800 JavaThread "Cache worker for file hash cache (/Users/bpanda/Downloads/WeatherAppBasic/.gradle/5.6.4/fileHashes)" [_thread_blocked, id=23555, stack(0x000070000d91a000,0x000070000da1a000)]
  0x00007febb3ab0000 JavaThread "Cache worker for journal cache (/Users/bpanda/.gradle/caches/journal-1)" [_thread_blocked, id=23299, stack(0x000070000d817000,0x000070000d917000)]
  0x00007febb49c2000 JavaThread "File lock request listener" [_thread_in_native, id=42243, stack(0x000070000d714000,0x000070000d814000)]
  0x00007febb4567000 JavaThread "Cache worker for file hash cache (/Users/bpanda/.gradle/caches/5.6.4/fileHashes)" [_thread_blocked, id=22787, stack(0x000070000d611000,0x000070000d711000)]
  0x00007febb41e0000 JavaThread "Thread-9" [_thread_blocked, id=22531, stack(0x000070000d50e000,0x000070000d60e000)]
  0x00007febb4969000 JavaThread "Asynchronous log dispatcher for DefaultDaemonConnection: socket connection from /127.94.0.1:51230 to /127.94.0.1:51246" [_thread_blocked, id=22019, stack(0x000070000d308000,0x000070000d408000)]
  0x00007febb5084800 JavaThread "Daemon worker" [_thread_in_native, id=21763, stack(0x000070000d205000,0x000070000d305000)]
  0x00007febb4014000 JavaThread "Cancel handler" [_thread_blocked, id=16131, stack(0x000070000d102000,0x000070000d202000)]
  0x00007febb483f000 JavaThread "Daemon periodic checks" [_thread_blocked, id=15619, stack(0x000070000cfff000,0x000070000d0ff000)]
  0x00007febb4086000 JavaThread "Handler for socket connection from /127.94.0.1:51230 to /127.94.0.1:51246" [_thread_in_native, id=16643, stack(0x000070000cefc000,0x000070000cffc000)]
  0x00007febb44a5800 JavaThread "Daemon" [_thread_blocked, id=15107, stack(0x000070000cdf9000,0x000070000cef9000)]
  0x00007febb483e000 JavaThread "Incoming local TCP Connector on port 51230" [_thread_in_native, id=19463, stack(0x000070000ccf6000,0x000070000cdf6000)]
  0x00007febb4478800 JavaThread "Daemon health stats" [_thread_blocked, id=4103, stack(0x000070000cbf3000,0x000070000ccf3000)]
  0x00007febb3848800 JavaThread "Service Thread" daemon [_thread_blocked, id=14339, stack(0x000070000c9ed000,0x000070000caed000)]
  0x00007febb4816800 JavaThread "C1 CompilerThread2" daemon [_thread_in_vm, id=17923, stack(0x000070000c8ea000,0x000070000c9ea000)]
=>0x00007febb4008800 JavaThread "C2 CompilerThread1" daemon [_thread_in_native, id=14083, stack(0x000070000c7e7000,0x000070000c8e7000)]
  0x00007febb5023800 JavaThread "C2 CompilerThread0" daemon [_thread_in_native, id=18691, stack(0x000070000c6e4000,0x000070000c7e4000)]
  0x00007febb3813800 JavaThread "Signal Dispatcher" daemon [_thread_blocked, id=13575, stack(0x000070000c5e1000,0x000070000c6e1000)]
  0x00007febb5015000 JavaThread "Finalizer" daemon [_thread_blocked, id=11779, stack(0x000070000c45b000,0x000070000c55b000)]
  0x00007febb3845800 JavaThread "Reference Handler" daemon [_thread_blocked, id=20739, stack(0x000070000c358000,0x000070000c458000)]
  0x00007febb4803000 JavaThread "main" [_thread_blocked, id=10243, stack(0x000070000bd46000,0x000070000be46000)]

Other Threads:
  0x00007febb5010000 VMThread [stack: 0x000070000c255000,0x000070000c355000] [id=11011]
  0x00007febb4829800 WatcherThread [stack: 0x000070000caf0000,0x000070000cbf0000] [id=17411]

VM state:not at safepoint (normal execution)

VM Mutex/Monitor currently owned by a thread: None

Heap:
 PSYoungGen      total 169984K, used 57636K [0x0000000740000000, 0x000000074d500000, 0x00000007c0000000)
  eden space 144384K, 22% used [0x0000000740000000,0x0000000741f4b0b8,0x0000000748d00000)
  from space 25600K, 99% used [0x000000074ac80000,0x000000074c57e090,0x000000074c580000)
  to   space 32256K, 0% used [0x0000000748d00000,0x0000000748d00000,0x000000074ac80000)
 ParOldGen       total 147968K, used 63837K [0x0000000640000000, 0x0000000649080000, 0x0000000740000000)
  object space 147968K, 43% used [0x0000000640000000,0x0000000643e57610,0x0000000649080000)
 Metaspace       used 69881K, capacity 72853K, committed 72960K, reserved 1112064K
  class space    used 9599K, capacity 10183K, committed 10240K, reserved 1048576K

Card table byte_map: [0x000000010d7d5000,0x000000010e3d6000] byte_map_base: 0x000000010a5d5000

Marking Bits: (ParMarkBitMap*) 0x000000010cce3ea0
 Begin Bits: [0x0000000127c66000, 0x000000012dc66000)
 End Bits:   [0x000000012dc66000, 0x0000000133c66000)

Polling page: 0x000000010bbf7000

CodeCache: size=245760Kb used=28837Kb max_used=29113Kb free=216922Kb
 bounds [0x0000000118c66000, 0x000000011a8f6000, 0x0000000127c66000]
 total_blobs=10653 nmethods=9825 adapters=740
 compilation: enabled

Compilation events (10 events):
Event: 126.850 Thread 0x00007febb4816800 11370       3       java.io.Writer::append (7 bytes)
Event: 126.852 Thread 0x00007febb4816800 nmethod 11370 0x000000011a8ef610 code [0x000000011a8ef780, 0x000000011a8ef9a8]
Event: 126.852 Thread 0x00007febb4816800 11371       3       com.android.ide.common.symbols.SymbolListWithPackageNameWriter::symbol (51 bytes)
Event: 126.854 Thread 0x00007febb4816800 nmethod 11371 0x000000011a8eeb90 code [0x000000011a8eed60, 0x000000011a8ef398]
Event: 126.929 Thread 0x00007febb5023800 nmethod 11363 0x000000011a8f3a50 code [0x000000011a8f3c40, 0x000000011a8f44a8]
Event: 126.937 Thread 0x00007febb5023800 11372       4       java.util.Spliterators$1Adapter::next (32 bytes)
Event: 126.940 Thread 0x00007febb5023800 nmethod 11372 0x000000011a8e7550 code [0x000000011a8e76a0, 0x000000011a8e7738]
Event: 127.109 Thread 0x00007febb5023800 11374       4       kotlin.text.StringsKt__StringsJVMKt::startsWith (37 bytes)
Event: 127.115 Thread 0x00007febb4816800 11375       3       com.android.ide.common.symbols.SymbolListWithPackageNameWriter::child (26 bytes)
Event: 127.117 Thread 0x00007febb4816800 nmethod 11375 0x0000000118dade50 code [0x0000000118dadfe0, 0x0000000118dae3a8]

GC Heap History (10 events):
Event: 78.468 GC heap before
{Heap before GC invocations=17 (full 3):
 PSYoungGen      total 135680K, used 15283K [0x0000000740000000, 0x000000074a500000, 0x00000007c0000000)
  eden space 120320K, 0% used [0x0000000740000000,0x0000000740000000,0x0000000747580000)
  from space 15360K, 99% used [0x0000000748680000,0x000000074956cd78,0x0000000749580000)
  to   space 17408K, 0% used [0x0000000747580000,0x0000000747580000,0x0000000748680000)
 ParOldGen       total 91648K, used 32476K [0x0000000640000000, 0x0000000645980000, 0x0000000740000000)
  object space 91648K, 35% used [0x0000000640000000,0x0000000641fb71e0,0x0000000645980000)
 Metaspace       used 56934K, capacity 58921K, committed 59028K, reserved 1099776K
  class space    used 7901K, capacity 8377K, committed 8448K, reserved 1048576K
Event: 79.833 GC heap after
Heap after GC invocations=17 (full 3):
 PSYoungGen      total 135680K, used 0K [0x0000000740000000, 0x000000074a500000, 0x00000007c0000000)
  eden space 120320K, 0% used [0x0000000740000000,0x0000000740000000,0x0000000747580000)
  from space 15360K, 0% used [0x0000000748680000,0x0000000748680000,0x0000000749580000)
  to   space 17408K, 0% used [0x0000000747580000,0x0000000747580000,0x0000000748680000)
 ParOldGen       total 147968K, used 43076K [0x0000000640000000, 0x0000000649080000, 0x0000000740000000)
  object space 147968K, 29% used [0x0000000640000000,0x0000000642a11338,0x0000000649080000)
 Metaspace       used 56934K, capacity 58921K, committed 59028K, reserved 1099776K
  class space    used 7901K, capacity 8377K, committed 8448K, reserved 1048576K
}
Event: 92.033 GC heap before
{Heap before GC invocations=18 (full 3):
 PSYoungGen      total 135680K, used 120320K [0x0000000740000000, 0x000000074a500000, 0x00000007c0000000)
  eden space 120320K, 100% used [0x0000000740000000,0x0000000747580000,0x0000000747580000)
  from space 15360K, 0% used [0x0000000748680000,0x0000000748680000,0x0000000749580000)
  to   space 17408K, 0% used [0x0000000747580000,0x0000000747580000,0x0000000748680000)
 ParOldGen       total 147968K, used 43076K [0x0000000640000000, 0x0000000649080000, 0x0000000740000000)
  object space 147968K, 29% used [0x0000000640000000,0x0000000642a11338,0x0000000649080000)
 Metaspace       used 62436K, capacity 64965K, committed 65152K, reserved 1105920K
  class space    used 8722K, capacity 9289K, committed 9344K, reserved 1048576K
Event: 92.101 GC heap after
Heap after GC invocations=18 (full 3):
 PSYoungGen      total 137728K, used 14241K [0x0000000740000000, 0x000000074ac00000, 0x00000007c0000000)
  eden space 120320K, 0% used [0x0000000740000000,0x0000000740000000,0x0000000747580000)
  from space 17408K, 81% used [0x0000000747580000,0x0000000748368718,0x0000000748680000)
  to   space 18432K, 0% used [0x0000000749a00000,0x0000000749a00000,0x000000074ac00000)
 ParOldGen       total 147968K, used 43084K [0x0000000640000000, 0x0000000649080000, 0x0000000740000000)
  object space 147968K, 29% used [0x0000000640000000,0x0000000642a13338,0x0000000649080000)
 Metaspace       used 62436K, capacity 64965K, committed 65152K, reserved 1105920K
  class space    used 8722K, capacity 9289K, committed 9344K, reserved 1048576K
}
Event: 100.611 GC heap before
{Heap before GC invocations=19 (full 3):
 PSYoungGen      total 137728K, used 134561K [0x0000000740000000, 0x000000074ac00000, 0x00000007c0000000)
  eden space 120320K, 100% used [0x0000000740000000,0x0000000747580000,0x0000000747580000)
  from space 17408K, 81% used [0x0000000747580000,0x0000000748368718,0x0000000748680000)
  to   space 18432K, 0% used [0x0000000749a00000,0x0000000749a00000,0x000000074ac00000)
 ParOldGen       total 147968K, used 43084K [0x0000000640000000, 0x0000000649080000, 0x0000000740000000)
  object space 147968K, 29% used [0x0000000640000000,0x0000000642a13338,0x0000000649080000)
 Metaspace       used 63533K, capacity 66097K, committed 66304K, reserved 1105920K
  class space    used 8828K, capacity 9411K, committed 9472K, reserved 1048576K
Event: 100.723 GC heap after
Heap after GC invocations=19 (full 3):
 PSYoungGen      total 153088K, used 18400K [0x0000000740000000, 0x000000074b780000, 0x00000007c0000000)
  eden space 134656K, 0% used [0x0000000740000000,0x0000000740000000,0x0000000748380000)
  from space 18432K, 99% used [0x0000000749a00000,0x000000074abf8040,0x000000074ac00000)
  to   space 23040K, 0% used [0x0000000748380000,0x0000000748380000,0x0000000749a00000)
 ParOldGen       total 147968K, used 49124K [0x0000000640000000, 0x0000000649080000, 0x0000000740000000)
  object space 147968K, 33% used [0x0000000640000000,0x0000000642ff92d0,0x0000000649080000)
 Metaspace       used 63533K, capacity 66097K, committed 66304K, reserved 1105920K
  class space    used 8828K, capacity 9411K, committed 9472K, reserved 1048576K
}
Event: 109.905 GC heap before
{Heap before GC invocations=20 (full 3):
 PSYoungGen      total 153088K, used 153056K [0x0000000740000000, 0x000000074b780000, 0x00000007c0000000)
  eden space 134656K, 100% used [0x0000000740000000,0x0000000748380000,0x0000000748380000)
  from space 18432K, 99% used [0x0000000749a00000,0x000000074abf8040,0x000000074ac00000)
  to   space 23040K, 0% used [0x0000000748380000,0x0000000748380000,0x0000000749a00000)
 ParOldGen       total 147968K, used 49124K [0x0000000640000000, 0x0000000649080000, 0x0000000740000000)
  object space 147968K, 33% used [0x0000000640000000,0x0000000642ff92d0,0x0000000649080000)
 Metaspace       used 65518K, capacity 68357K, committed 68608K, reserved 1107968K
  class space    used 9059K, capacity 9659K, committed 9728K, reserved 1048576K
Event: 109.987 GC heap after
Heap after GC invocations=20 (full 3):
 PSYoungGen      total 157696K, used 20671K [0x0000000740000000, 0x000000074c580000, 0x00000007c0000000)
  eden space 134656K, 0% used [0x0000000740000000,0x0000000740000000,0x0000000748380000)
  from space 23040K, 89% used [0x0000000748380000,0x00000007497afce0,0x0000000749a00000)
  to   space 25600K, 0% used [0x000000074ac80000,0x000000074ac80000,0x000000074c580000)
 ParOldGen       total 147968K, used 55570K [0x0000000640000000, 0x0000000649080000, 0x0000000740000000)
  object space 147968K, 37% used [0x0000000640000000,0x0000000643644bc0,0x0000000649080000)
 Metaspace       used 65518K, capacity 68357K, committed 68608K, reserved 1107968K
  class space    used 9059K, capacity 9659K, committed 9728K, reserved 1048576K
}
Event: 124.662 GC heap before
{Heap before GC invocations=21 (full 3):
 PSYoungGen      total 157696K, used 155327K [0x0000000740000000, 0x000000074c580000, 0x00000007c0000000)
  eden space 134656K, 100% used [0x0000000740000000,0x0000000748380000,0x0000000748380000)
  from space 23040K, 89% used [0x0000000748380000,0x00000007497afce0,0x0000000749a00000)
  to   space 25600K, 0% used [0x000000074ac80000,0x000000074ac80000,0x000000074c580000)
 ParOldGen       total 147968K, used 55570K [0x0000000640000000, 0x0000000649080000, 0x0000000740000000)
  object space 147968K, 37% used [0x0000000640000000,0x0000000643644bc0,0x0000000649080000)
 Metaspace       used 69772K, capacity 72725K, committed 72960K, reserved 1112064K
  class space    used 9592K, capacity 10183K, committed 10240K, reserved 1048576K
Event: 124.903 GC heap after
Heap after GC invocations=21 (full 3):
 PSYoungGen      total 169984K, used 25592K [0x0000000740000000, 0x000000074d500000, 0x00000007c0000000)
  eden space 144384K, 0% used [0x0000000740000000,0x0000000740000000,0x0000000748d00000)
  from space 25600K, 99% used [0x000000074ac80000,0x000000074c57e090,0x000000074c580000)
  to   space 32256K, 0% used [0x0000000748d00000,0x0000000748d00000,0x000000074ac80000)
 ParOldGen       total 147968K, used 63837K [0x0000000640000000, 0x0000000649080000, 0x0000000740000000)
  object space 147968K, 43% used [0x0000000640000000,0x0000000643e57610,0x0000000649080000)
 Metaspace       used 69772K, capacity 72725K, committed 72960K, reserved 1112064K
  class space    used 9592K, capacity 10183K, committed 10240K, reserved 1048576K
}

Deoptimization events (10 events):
Event: 123.484 Thread 0x00007febb7ed5000 Uncommon trap: reason=class_check action=maybe_recompile pc=0x000000011a845064 method=com.android.ide.common.symbols.SymbolTable$getSymbolByResourceType$$inlined$compareBy$1.compare(Ljava/lang/Object;Ljava/lang/Object;)I @ 3
Event: 123.627 Thread 0x00007febb7ed5000 Uncommon trap: reason=bimorphic action=maybe_recompile pc=0x000000011a864e7c method=com.android.ide.common.symbols.SymbolTable$getSymbolByResourceType$$inlined$compareBy$1.compare(Ljava/lang/Object;Ljava/lang/Object;)I @ 13
Event: 123.627 Thread 0x00007febb7ed5000 Uncommon trap: reason=bimorphic action=maybe_recompile pc=0x000000011a864e7c method=com.android.ide.common.symbols.SymbolTable$getSymbolByResourceType$$inlined$compareBy$1.compare(Ljava/lang/Object;Ljava/lang/Object;)I @ 13
Event: 123.627 Thread 0x00007febb7ed5000 Uncommon trap: reason=bimorphic action=maybe_recompile pc=0x000000011a864e7c method=com.android.ide.common.symbols.SymbolTable$getSymbolByResourceType$$inlined$compareBy$1.compare(Ljava/lang/Object;Ljava/lang/Object;)I @ 13
Event: 123.627 Thread 0x00007febb7ed5000 Uncommon trap: reason=bimorphic action=maybe_recompile pc=0x000000011a864e7c method=com.android.ide.common.symbols.SymbolTable$getSymbolByResourceType$$inlined$compareBy$1.compare(Ljava/lang/Object;Ljava/lang/Object;)I @ 13
Event: 123.689 Thread 0x00007febb7ed5000 Uncommon trap: reason=unstable_if action=reinterpret pc=0x000000011a862314 method=org.objectweb.asm.ByteVector.putShort(I)Lorg/objectweb/asm/ByteVector; @ 13
Event: 123.697 Thread 0x00007febb7ed5000 Uncommon trap: reason=unstable_if action=reinterpret pc=0x000000011a872564 method=org.objectweb.asm.ByteVector.putByte(I)Lorg/objectweb/asm/ByteVector; @ 13
Event: 124.934 Thread 0x00007febb7ed5000 Uncommon trap: reason=unstable_if action=reinterpret pc=0x000000011a89c944 method=org.objectweb.asm.MethodWriter.visitLdcInsn(Ljava/lang/Object;)V @ 104
Event: 125.304 Thread 0x00007febb7ed5000 Uncommon trap: reason=unstable_if action=reinterpret pc=0x000000011a325bf0 method=com.google.common.collect.RegularImmutableMap.get(Ljava/lang/Object;[Lcom/google/common/collect/ImmutableMapEntry;I)Ljava/lang/Object; @ 5
Event: 125.304 Thread 0x00007febb7ed5000 Uncommon trap: reason=unstable_if action=reinterpret pc=0x0000000119a9cf60 method=com.google.common.collect.RegularImmutableMap.get(Ljava/lang/Object;[Lcom/google/common/collect/ImmutableMapEntry;I)Ljava/lang/Object; @ 5

Internal exceptions (10 events):
Event: 113.295 Thread 0x00007febb8899000 Exception <a 'java/lang/NoSuchMethodError': <clinit>> (0x0000000743c49790) thrown at [/Users/java_re/workspace/8-2-build-macosx-x86_64/jdk8u72/5732/hotspot/src/share/vm/prims/jni.cpp, line 1591]
Event: 113.295 Thread 0x00007febb8899000 Exception <a 'java/lang/NoSuchMethodError': <clinit>> (0x0000000743c4e678) thrown at [/Users/java_re/workspace/8-2-build-macosx-x86_64/jdk8u72/5732/hotspot/src/share/vm/prims/jni.cpp, line 1591]
Event: 113.300 Thread 0x00007febb8899000 Exception <a 'java/lang/NoSuchMethodError': <clinit>> (0x0000000743c5bdf0) thrown at [/Users/java_re/workspace/8-2-build-macosx-x86_64/jdk8u72/5732/hotspot/src/share/vm/prims/jni.cpp, line 1591]
Event: 113.310 Thread 0x00007febb8899000 Exception <a 'java/lang/NoSuchMethodError': <clinit>> (0x0000000743c7e958) thrown at [/Users/java_re/workspace/8-2-build-macosx-x86_64/jdk8u72/5732/hotspot/src/share/vm/prims/jni.cpp, line 1591]
Event: 113.386 Thread 0x00007febb8899000 Exception <a 'java/lang/NoSuchMethodError': <clinit>> (0x0000000743d01b58) thrown at [/Users/java_re/workspace/8-2-build-macosx-x86_64/jdk8u72/5732/hotspot/src/share/vm/prims/jni.cpp, line 1591]
Event: 113.412 Thread 0x00007febb8899000 Exception <a 'java/lang/NoSuchMethodError': <clinit>> (0x0000000743d654d8) thrown at [/Users/java_re/workspace/8-2-build-macosx-x86_64/jdk8u72/5732/hotspot/src/share/vm/prims/jni.cpp, line 1591]
Event: 113.620 Thread 0x00007febb7ed5000 Exception <a 'java/lang/NoSuchMethodError': java.lang.Object.lambda$negate$1(Ljava/lang/Object;)Z> (0x00000007442ae710) thrown at [/Users/java_re/workspace/8-2-build-macosx-x86_64/jdk8u72/5732/hotspot/src/share/vm/interpreter/linkResolver.cpp, line 582]
Event: 123.241 Thread 0x00007febb7ed5000 Exception <a 'sun/nio/fs/UnixException'> (0x00000007471cec90) thrown at [/Users/java_re/workspace/8-2-build-macosx-x86_64/jdk8u72/5732/hotspot/src/share/vm/prims/jni.cpp, line 709]
Event: 125.304 Thread 0x00007febb7ed5000 Implicit null exception at 0x000000011a325a38 to 0x000000011a325bd9
Event: 125.304 Thread 0x00007febb7ed5000 Implicit null exception at 0x0000000119a9cb39 to 0x0000000119a9cf4d

Events (10 events):
Event: 126.941 Thread 0x00007febb5023800 flushing nmethod 0x0000000118f4ce90
Event: 126.941 Thread 0x00007febb5023800 flushing nmethod 0x0000000118f4e710
Event: 126.942 Thread 0x00007febb5023800 flushing nmethod 0x0000000118f974d0
Event: 127.108 Thread 0x00007febb5023800 flushing nmethod 0x000000011900c250
Event: 127.117 Thread 0x00007febb4816800 flushing nmethod 0x00000001190490d0
Event: 127.117 Thread 0x00007febb4816800 flushing nmethod 0x0000000119079f90
Event: 127.118 Thread 0x00007febb4816800 flushing nmethod 0x000000011908d790
Event: 127.120 Thread 0x00007febb4816800 flushing nmethod 0x00000001190efb10
Event: 127.121 Thread 0x00007febb4816800 flushing nmethod 0x000000011910b310
Event: 127.122 Thread 0x00007febb4816800 flushing nmethod 0x00000001191258d0


Dynamic libraries:
0x000000002fa06000 	/System/Library/Frameworks/Cocoa.framework/Versions/A/Cocoa
0x000000002fa06000 	/System/Library/Frameworks/Security.framework/Versions/A/Security
0x000000002fa06000 	/System/Library/Frameworks/ApplicationServices.framework/Versions/A/ApplicationServices
0x000000002fa06000 	/usr/lib/libz.1.dylib
0x000000002fa06000 	/usr/lib/libSystem.B.dylib
0x000000002fa06000 	/usr/lib/libobjc.A.dylib
0x000000002fa06000 	/System/Library/Frameworks/CoreFoundation.framework/Versions/A/CoreFoundation
0x000000002fa06000 	/System/Library/Frameworks/Foundation.framework/Versions/C/Foundation
0x000000002fa06000 	/System/Library/Frameworks/AppKit.framework/Versions/C/AppKit
0x000000002fa06000 	/System/Library/Frameworks/CoreData.framework/Versions/A/CoreData
0x000000002fa06000 	/System/Library/PrivateFrameworks/RemoteViewServices.framework/Versions/A/RemoteViewServices
0x000000002fa06000 	/System/Library/PrivateFrameworks/UIFoundation.framework/Versions/A/UIFoundation
0x000000002fa06000 	/System/Library/PrivateFrameworks/DFRFoundation.framework/Versions/A/DFRFoundation
0x000000002fa06000 	/System/Library/Frameworks/Metal.framework/Versions/A/Metal
0x000000002fa06000 	/System/Library/PrivateFrameworks/DesktopServicesPriv.framework/Versions/A/DesktopServicesPriv
0x000000002fa06000 	/usr/lib/libenergytrace.dylib
0x000000002fa06000 	/System/Library/PrivateFrameworks/SkyLight.framework/Versions/A/SkyLight
0x000000002fa06000 	/System/Library/Frameworks/CoreGraphics.framework/Versions/A/CoreGraphics
0x000000002fa06000 	/usr/lib/libScreenReader.dylib
0x000000002fa06000 	/System/Library/Frameworks/Accelerate.framework/Versions/A/Accelerate
0x000000002fa06000 	/System/Library/Frameworks/IOSurface.framework/Versions/A/IOSurface
0x000000002fa06000 	/System/Library/Frameworks/AudioToolbox.framework/Versions/A/AudioToolbox
0x000000002fa06000 	/System/Library/Frameworks/AudioUnit.framework/Versions/A/AudioUnit
0x000000002fa06000 	/System/Library/PrivateFrameworks/DataDetectorsCore.framework/Versions/A/DataDetectorsCore
0x000000002fa06000 	/System/Library/Frameworks/Carbon.framework/Versions/A/Frameworks/HIToolbox.framework/Versions/A/HIToolbox
0x000000002fa06000 	/usr/lib/libicucore.A.dylib
0x000000002fa06000 	/System/Library/Frameworks/QuartzCore.framework/Versions/A/QuartzCore
0x000000002fa06000 	/System/Library/PrivateFrameworks/SignpostNotification.framework/Versions/A/SignpostNotification
0x000000002fa06000 	/System/Library/Frameworks/Carbon.framework/Versions/A/Frameworks/SpeechRecognition.framework/Versions/A/SpeechRecognition
0x000000002fa06000 	/usr/lib/libauto.dylib
0x000000002fa06000 	/usr/lib/libxml2.2.dylib
0x000000002fa06000 	/System/Library/PrivateFrameworks/CoreUI.framework/Versions/A/CoreUI
0x000000002fa06000 	/System/Library/Frameworks/CoreAudio.framework/Versions/A/CoreAudio
0x000000002fa06000 	/System/Library/Frameworks/DiskArbitration.framework/Versions/A/DiskArbitration
0x000000002fa06000 	/usr/lib/liblangid.dylib
0x000000002fa06000 	/System/Library/PrivateFrameworks/MultitouchSupport.framework/Versions/A/MultitouchSupport
0x000000002fa06000 	/System/Library/Frameworks/IOKit.framework/Versions/A/IOKit
0x000000002fa06000 	/usr/lib/libDiagnosticMessagesClient.dylib
0x000000002fa06000 	/System/Library/Frameworks/CoreServices.framework/Versions/A/CoreServices
0x000000002fa06000 	/System/Library/PrivateFrameworks/PerformanceAnalysis.framework/Versions/A/PerformanceAnalysis
0x000000002fa06000 	/System/Library/Frameworks/OpenGL.framework/Versions/A/OpenGL
0x000000002fa06000 	/System/Library/Frameworks/ColorSync.framework/Versions/A/ColorSync
0x000000002fa06000 	/System/Library/Frameworks/CoreImage.framework/Versions/A/CoreImage
0x000000002fa06000 	/System/Library/Frameworks/CoreText.framework/Versions/A/CoreText
0x000000002fa06000 	/System/Library/Frameworks/ImageIO.framework/Versions/A/ImageIO
0x000000002fa06000 	/System/Library/PrivateFrameworks/Backup.framework/Versions/A/Backup
0x000000002fa06000 	/usr/lib/libarchive.2.dylib
0x000000002fa06000 	/System/Library/Frameworks/CFNetwork.framework/Versions/A/CFNetwork
0x000000002fa06000 	/System/Library/Frameworks/SystemConfiguration.framework/Versions/A/SystemConfiguration
0x000000002fa06000 	/usr/lib/libCRFSuite.dylib
0x000000002fa06000 	/usr/lib/libc++.1.dylib
0x000000002fa06000 	/usr/lib/libc++abi.dylib
0x000000002fa06000 	/usr/lib/system/libcache.dylib
0x000000002fa06000 	/usr/lib/system/libcommonCrypto.dylib
0x000000002fa06000 	/usr/lib/system/libcompiler_rt.dylib
0x000000002fa06000 	/usr/lib/system/libcopyfile.dylib
0x000000002fa06000 	/usr/lib/system/libcorecrypto.dylib
0x000000002fa06000 	/usr/lib/system/libdispatch.dylib
0x000000002fa06000 	/usr/lib/system/libdyld.dylib
0x000000002fa06000 	/usr/lib/system/libkeymgr.dylib
0x000000002fa06000 	/usr/lib/system/liblaunch.dylib
0x000000002fa06000 	/usr/lib/system/libmacho.dylib
0x000000002fa06000 	/usr/lib/system/libquarantine.dylib
0x000000002fa06000 	/usr/lib/system/libremovefile.dylib
0x000000002fa06000 	/usr/lib/system/libsystem_asl.dylib
0x000000002fa06000 	/usr/lib/system/libsystem_blocks.dylib
0x000000002fa06000 	/usr/lib/system/libsystem_c.dylib
0x000000002fa06000 	/usr/lib/system/libsystem_configuration.dylib
0x000000002fa06000 	/usr/lib/system/libsystem_coreservices.dylib
0x000000002fa06000 	/usr/lib/system/libsystem_darwin.dylib
0x000000002fa06000 	/usr/lib/system/libsystem_dnssd.dylib
0x000000002fa06000 	/usr/lib/system/libsystem_info.dylib
0x000000002fa06000 	/usr/lib/system/libsystem_m.dylib
0x000000002fa06000 	/usr/lib/system/libsystem_malloc.dylib
0x000000002fa06000 	/usr/lib/system/libsystem_network.dylib
0x000000002fa06000 	/usr/lib/system/libsystem_networkextension.dylib
0x000000002fa06000 	/usr/lib/system/libsystem_notify.dylib
0x000000002fa06000 	/usr/lib/system/libsystem_sandbox.dylib
0x000000002fa06000 	/usr/lib/system/libsystem_secinit.dylib
0x000000002fa06000 	/usr/lib/system/libsystem_kernel.dylib
0x000000002fa06000 	/usr/lib/system/libsystem_platform.dylib
0x000000002fa06000 	/usr/lib/system/libsystem_pthread.dylib
0x000000002fa06000 	/usr/lib/system/libsystem_symptoms.dylib
0x000000002fa06000 	/usr/lib/system/libsystem_trace.dylib
0x000000002fa06000 	/usr/lib/system/libunwind.dylib
0x000000002fa06000 	/usr/lib/system/libxpc.dylib
0x000000002fa06000 	/usr/lib/closure/libclosured.dylib
0x000000002fa06000 	/usr/lib/libbsm.0.dylib
0x000000002fa06000 	/usr/lib/system/libkxld.dylib
0x000000002fa06000 	/usr/lib/libOpenScriptingUtil.dylib
0x000000002fa06000 	/usr/lib/libcoretls.dylib
0x000000002fa06000 	/usr/lib/libcoretls_cfhelpers.dylib
0x000000002fa06000 	/usr/lib/libpam.2.dylib
0x000000002fa06000 	/usr/lib/libsqlite3.dylib
0x000000002fa06000 	/usr/lib/libxar.1.dylib
0x000000002fa06000 	/usr/lib/libbz2.1.0.dylib
0x000000002fa06000 	/usr/lib/liblzma.5.dylib
0x000000002fa06000 	/usr/lib/libnetwork.dylib
0x000000002fa06000 	/usr/lib/libapple_nghttp2.dylib
0x000000002fa06000 	/usr/lib/libpcap.A.dylib
0x000000002fa06000 	/usr/lib/libboringssl.dylib
0x000000002fa06000 	/usr/lib/libusrtcp.dylib
0x000000002fa06000 	/usr/lib/libapple_crypto.dylib
0x000000002fa06000 	/System/Library/Frameworks/CoreServices.framework/Versions/A/Frameworks/FSEvents.framework/Versions/A/FSEvents
0x000000002fa06000 	/System/Library/Frameworks/CoreServices.framework/Versions/A/Frameworks/CarbonCore.framework/Versions/A/CarbonCore
0x000000002fa06000 	/System/Library/Frameworks/CoreServices.framework/Versions/A/Frameworks/Metadata.framework/Versions/A/Metadata
0x000000002fa06000 	/System/Library/Frameworks/CoreServices.framework/Versions/A/Frameworks/OSServices.framework/Versions/A/OSServices
0x000000002fa06000 	/System/Library/Frameworks/CoreServices.framework/Versions/A/Frameworks/SearchKit.framework/Versions/A/SearchKit
0x000000002fa06000 	/System/Library/Frameworks/CoreServices.framework/Versions/A/Frameworks/AE.framework/Versions/A/AE
0x000000002fa06000 	/System/Library/Frameworks/CoreServices.framework/Versions/A/Frameworks/LaunchServices.framework/Versions/A/LaunchServices
0x000000002fa06000 	/System/Library/Frameworks/CoreServices.framework/Versions/A/Frameworks/DictionaryServices.framework/Versions/A/DictionaryServices
0x000000002fa06000 	/System/Library/Frameworks/CoreServices.framework/Versions/A/Frameworks/SharedFileList.framework/Versions/A/SharedFileList
0x000000002fa06000 	/System/Library/Frameworks/NetFS.framework/Versions/A/NetFS
0x000000002fa06000 	/System/Library/PrivateFrameworks/NetAuth.framework/Versions/A/NetAuth
0x000000002fa06000 	/System/Library/PrivateFrameworks/login.framework/Versions/A/Frameworks/loginsupport.framework/Versions/A/loginsupport
0x000000002fa06000 	/System/Library/PrivateFrameworks/TCC.framework/Versions/A/TCC
0x000000002fa06000 	/usr/lib/libmecabra.dylib
0x000000002fa06000 	/System/Library/Frameworks/ApplicationServices.framework/Versions/A/Frameworks/ATS.framework/Versions/A/ATS
0x000000002fa06000 	/System/Library/Frameworks/ApplicationServices.framework/Versions/A/Frameworks/ColorSyncLegacy.framework/Versions/A/ColorSyncLegacy
0x000000002fa06000 	/System/Library/Frameworks/ApplicationServices.framework/Versions/A/Frameworks/HIServices.framework/Versions/A/HIServices
0x000000002fa06000 	/System/Library/Frameworks/ApplicationServices.framework/Versions/A/Frameworks/LangAnalysis.framework/Versions/A/LangAnalysis
0x000000002fa06000 	/System/Library/Frameworks/ApplicationServices.framework/Versions/A/Frameworks/PrintCore.framework/Versions/A/PrintCore
0x000000002fa06000 	/System/Library/Frameworks/ApplicationServices.framework/Versions/A/Frameworks/QD.framework/Versions/A/QD
0x000000002fa06000 	/System/Library/Frameworks/ApplicationServices.framework/Versions/A/Frameworks/SpeechSynthesis.framework/Versions/A/SpeechSynthesis
0x000000002fa06000 	/System/Library/Frameworks/CoreDisplay.framework/Versions/A/CoreDisplay
0x000000002fa06000 	/System/Library/Frameworks/Accelerate.framework/Versions/A/Frameworks/vImage.framework/Versions/A/vImage
0x000000002fa06000 	/System/Library/Frameworks/Accelerate.framework/Versions/A/Frameworks/vecLib.framework/Versions/A/vecLib
0x000000002fa06000 	/System/Library/Frameworks/Accelerate.framework/Versions/A/Frameworks/vecLib.framework/Versions/A/libvDSP.dylib
0x000000002fa06000 	/System/Library/Frameworks/Accelerate.framework/Versions/A/Frameworks/vecLib.framework/Versions/A/libBNNS.dylib
0x000000002fa06000 	/System/Library/Frameworks/Accelerate.framework/Versions/A/Frameworks/vecLib.framework/Versions/A/libQuadrature.dylib
0x000000002fa06000 	/System/Library/Frameworks/Accelerate.framework/Versions/A/Frameworks/vecLib.framework/Versions/A/libvMisc.dylib
0x000000002fa06000 	/System/Library/Frameworks/Accelerate.framework/Versions/A/Frameworks/vecLib.framework/Versions/A/libLAPACK.dylib
0x000000002fa06000 	/System/Library/Frameworks/Accelerate.framework/Versions/A/Frameworks/vecLib.framework/Versions/A/libBLAS.dylib
0x000000002fa06000 	/System/Library/Frameworks/Accelerate.framework/Versions/A/Frameworks/vecLib.framework/Versions/A/libLinearAlgebra.dylib
0x000000002fa06000 	/System/Library/Frameworks/Accelerate.framework/Versions/A/Frameworks/vecLib.framework/Versions/A/libSparse.dylib
0x000000002fa06000 	/System/Library/Frameworks/Accelerate.framework/Versions/A/Frameworks/vecLib.framework/Versions/A/libSparseBLAS.dylib
0x000000002fa06000 	/System/Library/PrivateFrameworks/GPUWrangler.framework/Versions/A/GPUWrangler
0x000000002fa06000 	/System/Library/PrivateFrameworks/IOAccelerator.framework/Versions/A/IOAccelerator
0x000000002fa06000 	/System/Library/PrivateFrameworks/IOPresentment.framework/Versions/A/IOPresentment
0x000000002fa06000 	/System/Library/PrivateFrameworks/DSExternalDisplay.framework/Versions/A/DSExternalDisplay
0x000000002fa06000 	/System/Library/Frameworks/OpenGL.framework/Versions/A/Libraries/libCoreFSCache.dylib
0x000000002fa06000 	/System/Library/Frameworks/CoreVideo.framework/Versions/A/CoreVideo
0x000000002fa06000 	/System/Library/PrivateFrameworks/GraphVisualizer.framework/Versions/A/GraphVisualizer
0x000000002fa06000 	/System/Library/Frameworks/MetalPerformanceShaders.framework/Versions/A/MetalPerformanceShaders
0x000000002fa06000 	/usr/lib/libFosl_dynamic.dylib
0x000000002fa06000 	/System/Library/PrivateFrameworks/FaceCore.framework/Versions/A/FaceCore
0x000000002fa06000 	/System/Library/Frameworks/OpenCL.framework/Versions/A/OpenCL
0x000000002fa06000 	/usr/lib/libcompression.dylib
0x000000002fa06000 	/System/Library/Frameworks/ApplicationServices.framework/Versions/A/Frameworks/ATS.framework/Versions/A/Resources/libFontParser.dylib
0x000000002fa06000 	/System/Library/Frameworks/ApplicationServices.framework/Versions/A/Frameworks/ATS.framework/Versions/A/Resources/libFontRegistry.dylib
0x000000002fa06000 	/System/Library/Frameworks/ImageIO.framework/Versions/A/Resources/libJPEG.dylib
0x000000002fa06000 	/System/Library/Frameworks/ImageIO.framework/Versions/A/Resources/libTIFF.dylib
0x000000002fa06000 	/System/Library/Frameworks/ImageIO.framework/Versions/A/Resources/libPng.dylib
0x000000002fa06000 	/System/Library/Frameworks/ImageIO.framework/Versions/A/Resources/libGIF.dylib
0x000000002fa06000 	/System/Library/Frameworks/ImageIO.framework/Versions/A/Resources/libJP2.dylib
0x000000002fa06000 	/System/Library/Frameworks/ImageIO.framework/Versions/A/Resources/libRadiance.dylib
0x000000002fa06000 	/System/Library/PrivateFrameworks/AppleJPEG.framework/Versions/A/AppleJPEG
0x000000002fa06000 	/System/Library/Frameworks/MetalPerformanceShaders.framework/Frameworks/MPSCore.framework/Versions/A/MPSCore
0x000000002fa06000 	/System/Library/Frameworks/MetalPerformanceShaders.framework/Frameworks/MPSImage.framework/Versions/A/MPSImage
0x000000002fa06000 	/System/Library/Frameworks/MetalPerformanceShaders.framework/Frameworks/MPSNeuralNetwork.framework/Versions/A/MPSNeuralNetwork
0x000000002fa06000 	/System/Library/Frameworks/MetalPerformanceShaders.framework/Frameworks/MPSMatrix.framework/Versions/A/MPSMatrix
0x000000002fa06000 	/System/Library/PrivateFrameworks/MetalTools.framework/Versions/A/MetalTools
0x000000002fa06000 	/System/Library/Frameworks/OpenGL.framework/Versions/A/Libraries/libGLU.dylib
0x000000002fa06000 	/System/Library/Frameworks/OpenGL.framework/Versions/A/Libraries/libGFXShared.dylib
0x000000002fa06000 	/System/Library/Frameworks/OpenGL.framework/Versions/A/Libraries/libGL.dylib
0x000000002fa06000 	/System/Library/Frameworks/OpenGL.framework/Versions/A/Libraries/libGLImage.dylib
0x000000002fa06000 	/System/Library/Frameworks/OpenGL.framework/Versions/A/Libraries/libCVMSPluginSupport.dylib
0x000000002fa06000 	/System/Library/Frameworks/OpenGL.framework/Versions/A/Libraries/libCoreVMClient.dylib
0x000000002fa06000 	/usr/lib/libcups.2.dylib
0x000000002fa06000 	/System/Library/Frameworks/Kerberos.framework/Versions/A/Kerberos
0x000000002fa06000 	/System/Library/Frameworks/GSS.framework/Versions/A/GSS
0x000000002fa06000 	/usr/lib/libresolv.9.dylib
0x000000002fa06000 	/usr/lib/libiconv.2.dylib
0x000000002fa06000 	/System/Library/PrivateFrameworks/Heimdal.framework/Versions/A/Heimdal
0x000000002fa06000 	/usr/lib/libheimdal-asn1.dylib
0x000000002fa06000 	/System/Library/Frameworks/OpenDirectory.framework/Versions/A/OpenDirectory
0x000000002fa06000 	/System/Library/PrivateFrameworks/CommonAuth.framework/Versions/A/CommonAuth
0x000000002fa06000 	/System/Library/Frameworks/OpenDirectory.framework/Versions/A/Frameworks/CFOpenDirectory.framework/Versions/A/CFOpenDirectory
0x000000002fa06000 	/System/Library/Frameworks/SecurityFoundation.framework/Versions/A/SecurityFoundation
0x000000002fa06000 	/System/Library/PrivateFrameworks/APFS.framework/Versions/A/APFS
0x000000002fa06000 	/usr/lib/libutil.dylib
0x000000002fa06000 	/System/Library/PrivateFrameworks/AppleSauce.framework/Versions/A/AppleSauce
0x000000002fa06000 	/System/Library/PrivateFrameworks/LinguisticData.framework/Versions/A/LinguisticData
0x000000002fa06000 	/usr/lib/libmarisa.dylib
0x000000002fa06000 	/System/Library/PrivateFrameworks/Lexicon.framework/Versions/A/Lexicon
0x000000002fa06000 	/usr/lib/libChineseTokenizer.dylib
0x000000002fa06000 	/usr/lib/libcmph.dylib
0x000000002fa06000 	/System/Library/PrivateFrameworks/LanguageModeling.framework/Versions/A/LanguageModeling
0x000000002fa06000 	/System/Library/PrivateFrameworks/CoreEmoji.framework/Versions/A/CoreEmoji
0x000000002fa06000 	/System/Library/Frameworks/ServiceManagement.framework/Versions/A/ServiceManagement
0x000000002fa06000 	/System/Library/PrivateFrameworks/BackgroundTaskManagement.framework/Versions/A/BackgroundTaskManagement
0x000000002fa06000 	/usr/lib/libxslt.1.dylib
0x000000002fa06000 	/System/Library/Frameworks/Carbon.framework/Versions/A/Frameworks/Ink.framework/Versions/A/Ink
0x000000002fa06000 	/System/Library/PrivateFrameworks/TextureIO.framework/Versions/A/TextureIO
0x000000002fa06000 	/usr/lib/libate.dylib
0x000000002fa06000 	/System/Library/PrivateFrameworks/CrashReporterSupport.framework/Versions/A/CrashReporterSupport
0x000000002fa06000 	/System/Library/PrivateFrameworks/Sharing.framework/Versions/A/Sharing
0x000000002fa06000 	/System/Library/PrivateFrameworks/IconServices.framework/Versions/A/IconServices
0x000000002fa06000 	/System/Library/PrivateFrameworks/AuthKit.framework/Versions/A/AuthKit
0x000000002fa06000 	/System/Library/PrivateFrameworks/Apple80211.framework/Versions/A/Apple80211
0x000000002fa06000 	/System/Library/PrivateFrameworks/CoreUtils.framework/Versions/A/CoreUtils
0x000000002fa06000 	/System/Library/Frameworks/CoreWLAN.framework/Versions/A/CoreWLAN
0x000000002fa06000 	/System/Library/Frameworks/IOBluetooth.framework/Versions/A/IOBluetooth
0x000000002fa06000 	/System/Library/PrivateFrameworks/ProtocolBuffer.framework/Versions/A/ProtocolBuffer
0x000000002fa06000 	/System/Library/PrivateFrameworks/MobileKeyBag.framework/Versions/A/MobileKeyBag
0x000000002fa06000 	/System/Library/PrivateFrameworks/CorePhoneNumbers.framework/Versions/A/CorePhoneNumbers
0x000000002fa06000 	/System/Library/PrivateFrameworks/AppleIDAuthSupport.framework/Versions/A/AppleIDAuthSupport
0x000000002fa06000 	/System/Library/PrivateFrameworks/KeychainCircle.framework/Versions/A/KeychainCircle
0x000000002fa06000 	/System/Library/PrivateFrameworks/CoreWiFi.framework/Versions/A/CoreWiFi
0x000000002fa06000 	/System/Library/Frameworks/CoreBluetooth.framework/Versions/A/CoreBluetooth
0x000000002fa06000 	/System/Library/PrivateFrameworks/DebugSymbols.framework/Versions/A/DebugSymbols
0x000000002fa06000 	/System/Library/PrivateFrameworks/CoreSymbolication.framework/Versions/A/CoreSymbolication
0x000000002fa06000 	/System/Library/PrivateFrameworks/Symbolication.framework/Versions/A/Symbolication
0x000000002fa06000 	/System/Library/PrivateFrameworks/AppleFSCompression.framework/Versions/A/AppleFSCompression
0x000000002fa06000 	/System/Library/PrivateFrameworks/SpeechRecognitionCore.framework/Versions/A/SpeechRecognitionCore
0x000000010c400000 	/Library/Java/JavaVirtualMachines/jdk1.8.0_72.jdk/Contents/Home/jre/lib/server/libjvm.dylib
0x000000002fa06000 	/usr/lib/libstdc++.6.0.9.dylib
0x000000010bbe9000 	/Library/Java/JavaVirtualMachines/jdk1.8.0_72.jdk/Contents/Home/jre/lib/libverify.dylib
0x000000010d38f000 	/Library/Java/JavaVirtualMachines/jdk1.8.0_72.jdk/Contents/Home/jre/lib/libjava.dylib
0x000000010d40c000 	/Library/Java/JavaVirtualMachines/jdk1.8.0_72.jdk/Contents/Home/jre/lib/libzip.dylib
0x000000002fa06000 	/System/Library/Frameworks/JavaVM.framework/Versions/A/Frameworks/JavaRuntimeSupport.framework/Versions/A/JavaRuntimeSupport
0x000000002fa06000 	/System/Library/Frameworks/JavaVM.framework/Versions/A/Frameworks/JavaNativeFoundation.framework/Versions/A/JavaNativeFoundation
0x000000002fa06000 	/System/Library/Frameworks/JavaVM.framework/Versions/A/JavaVM
0x000000002fa06000 	/System/Library/Frameworks/Carbon.framework/Versions/A/Carbon
0x000000002fa06000 	/System/Library/PrivateFrameworks/JavaLaunching.framework/Versions/A/JavaLaunching
0x000000002fa06000 	/System/Library/Frameworks/Carbon.framework/Versions/A/Frameworks/CommonPanels.framework/Versions/A/CommonPanels
0x000000002fa06000 	/System/Library/Frameworks/Carbon.framework/Versions/A/Frameworks/Help.framework/Versions/A/Help
0x000000002fa06000 	/System/Library/Frameworks/Carbon.framework/Versions/A/Frameworks/ImageCapture.framework/Versions/A/ImageCapture
0x000000002fa06000 	/System/Library/Frameworks/Carbon.framework/Versions/A/Frameworks/OpenScripting.framework/Versions/A/OpenScripting
0x000000002fa06000 	/System/Library/Frameworks/Carbon.framework/Versions/A/Frameworks/Print.framework/Versions/A/Print
0x000000002fa06000 	/System/Library/Frameworks/Carbon.framework/Versions/A/Frameworks/SecurityHI.framework/Versions/A/SecurityHI
0x00000001133c4000 	/Library/Java/JavaVirtualMachines/jdk1.8.0_72.jdk/Contents/Home/jre/lib/libnet.dylib
0x0000000113423000 	/Library/Java/JavaVirtualMachines/jdk1.8.0_72.jdk/Contents/Home/jre/lib/libnio.dylib
0x0000000112f6b000 	/Users/bpanda/.gradle/native/30/osx-amd64/libnative-platform.dylib
0x0000000113768000 	/Library/Java/JavaVirtualMachines/jdk1.8.0_72.jdk/Contents/Home/jre/lib/libmanagement.dylib

VM Arguments:
jvm_args: -Xmx6G -Dfile.encoding=UTF-8 -Duser.country=US -Duser.language=en -Duser.variant 
java_command: org.gradle.launcher.daemon.bootstrap.GradleDaemon 5.6.4
java_class_path (initial): /Users/bpanda/.gradle/wrapper/dists/gradle-5.6.4-all/ankdp27end7byghfw1q2sw75f/gradle-5.6.4/lib/gradle-launcher-5.6.4.jar
Launcher Type: SUN_STANDARD

Environment Variables:
JAVA_HOME=/Library/Java/JavaVirtualMachines/jdk1.8.0_72.jdk/Contents/Home
PATH=/usr/local/bin:/usr/bin:/bin:/usr/sbin:/sbin:/usr/local/munki:/Applications/Wireshark.app/Contents/MacOS:/Users/bpanda/Library/Android/sdk/tools:/Users/bpanda/Library/Android/sdk/platform-tools:/usr/local/Cellar/android-ndk
SHELL=/bin/bash

Signal Handlers:
SIGSEGV: [libjvm.dylib+0x5a6855], sa_mask[0]=11111111011111110111111111111111, sa_flags=SA_ONSTACK|SA_RESTART|SA_SIGINFO
SIGBUS: [libjvm.dylib+0x5a6855], sa_mask[0]=11111111011111110111111111111111, sa_flags=SA_RESTART|SA_SIGINFO
SIGFPE: [libjvm.dylib+0x4804ec], sa_mask[0]=11111111011111110111111111111111, sa_flags=SA_RESTART|SA_SIGINFO
SIGPIPE: [libjvm.dylib+0x4804ec], sa_mask[0]=11111111011111110111111111111111, sa_flags=SA_RESTART|SA_SIGINFO
SIGXFSZ: [libjvm.dylib+0x4804ec], sa_mask[0]=11111111011111110111111111111111, sa_flags=SA_RESTART|SA_SIGINFO
SIGILL: [libjvm.dylib+0x4804ec], sa_mask[0]=11111111011111110111111111111111, sa_flags=SA_RESTART|SA_SIGINFO
SIGUSR1: SIG_DFL, sa_mask[0]=00000000000000000000000000000000, sa_flags=none
SIGUSR2: [libjvm.dylib+0x48000a], sa_mask[0]=00100000000000000000000000000000, sa_flags=SA_RESTART|SA_SIGINFO
SIGHUP: [libjvm.dylib+0x47e5e1], sa_mask[0]=11111111011111110111111111111111, sa_flags=SA_RESTART|SA_SIGINFO
SIGINT: [libjvm.dylib+0x47e5e1], sa_mask[0]=11111111011111110111111111111111, sa_flags=SA_RESTART|SA_SIGINFO
SIGTERM: [libjvm.dylib+0x47e5e1], sa_mask[0]=11111111011111110111111111111111, sa_flags=SA_RESTART|SA_SIGINFO
SIGQUIT: [libjvm.dylib+0x47e5e1], sa_mask[0]=11111111011111110111111111111111, sa_flags=SA_RESTART|SA_SIGINFO


---------------  S Y S T E M  ---------------

OS:Bsduname:Darwin 17.7.0 Darwin Kernel Version 17.7.0: Thu Jun 21 22:53:14 PDT 2018; root:xnu-4570.71.2~1/RELEASE_X86_64 x86_64
rlimit: STACK 8192k, CORE 0k, NPROC 709, NOFILE 10240, AS infinity
load average:48.62 26.90 19.89

CPU:total 4 (2 cores per cpu, 2 threads per core) family 6 model 58 stepping 9, cmov, cx8, fxsr, mmx, sse, sse2, sse3, ssse3, sse4.1, sse4.2, popcnt, avx, aes, clmul, erms, ht, tsc, tscinvbit, tscinv

Memory: 4k page, physical 8388608k(83928k free)

/proc/meminfo:


vm_info: Java HotSpot(TM) 64-Bit Server VM (25.72-b15) for bsd-amd64 JRE (1.8.0_72-b15), built on Dec 22 2015 15:43:34 by "java_re" with gcc 4.2.1 (Based on Apple Inc. build 5658) (LLVM build 2336.11.00)

time: Mon Jul 26 21:20:56 2021
elapsed time: 127 seconds (0d 0h 2m 7s)

